Build started 01.11.2015 22:26:45.
     1>Project "C:\Users\Максим\Desktop\ВМК\Bespalov_Maksim_CV_lab_01\Bespalov_Maksim_CV_lab_01\Bespalov_Maksim_CV_lab_01.vcxproj" on node 2 (build target(s)).
     1>InitializeBuildStatus:
         Creating "Debug\Bespalov_Maksim_CV_lab_01.unsuccessfulbuild" because "AlwaysCreate" was specified.
       ClCompile:
         C:\Program Files (x86)\Microsoft Visual Studio 10.0\VC\bin\CL.exe /c /IC:\OpenCV\opencv\build\include /ZI /nologo /W3 /WX- /Od /Oy- /D WIN32 /D _DEBUG /D _CONSOLE /D _UNICODE /D UNICODE /Gm /EHsc /RTC1 /MTd /GS /fp:precise /Zc:wchar_t /Zc:forScope /Fo"Debug\\" /Fd"Debug\vc100.pdb" /Gd /TP /analyze- /errorReport:prompt main.cpp
         main.cpp
     1>c:\users\максим\desktop\вмк\bespalov_maksim_cv_lab_01\bespalov_maksim_cv_lab_01\main.cpp(36): warning C4244: '=' : conversion from 'float' to 'int', possible loss of data
       ManifestResourceCompile:
         All outputs are up-to-date.
       Link:
         C:\Program Files (x86)\Microsoft Visual Studio 10.0\VC\bin\link.exe /ERRORREPORT:PROMPT /OUT:"C:\Users\Максим\Desktop\ВМК\Bespalov_Maksim_CV_lab_01\Debug\Bespalov_Maksim_CV_lab_01.exe" /INCREMENTAL /NOLOGO /LIBPATH:C:\OpenCV\opencv\build\x86\vc11\lib opencv_ts300.lib opencv_world300.lib kernel32.lib user32.lib gdi32.lib winspool.lib comdlg32.lib advapi32.lib shell32.lib ole32.lib oleaut32.lib uuid.lib odbc32.lib odbccp32.lib /MANIFEST /ManifestFile:"Debug\Bespalov_Maksim_CV_lab_01.exe.intermediate.manifest" /MANIFESTUAC:"level='asInvoker' uiAccess='false'" /DEBUG /PDB:"C:\Users\Максим\Desktop\ВМК\Bespalov_Maksim_CV_lab_01\Debug\Bespalov_Maksim_CV_lab_01.pdb" /SUBSYSTEM:CONSOLE /TLBID:1 /DYNAMICBASE /NXCOMPAT /IMPLIB:"C:\Users\Максим\Desktop\ВМК\Bespalov_Maksim_CV_lab_01\Debug\Bespalov_Maksim_CV_lab_01.lib" /MACHINE:X86 Debug\Bespalov_Maksim_CV_lab_01.exe.embed.manifest.res
         Debug\main.obj
       Manifest:
         C:\Program Files (x86)\Microsoft SDKs\Windows\v7.0A\bin\mt.exe /nologo /verbose /out:"Debug\Bespalov_Maksim_CV_lab_01.exe.embed.manifest" /manifest Debug\Bespalov_Maksim_CV_lab_01.exe.intermediate.manifest
         All outputs are up-to-date.
       LinkEmbedManifest:
         All outputs are up-to-date.
         Bespalov_Maksim_CV_lab_01.vcxproj -> C:\Users\Максим\Desktop\ВМК\Bespalov_Maksim_CV_lab_01\Debug\Bespalov_Maksim_CV_lab_01.exe
       FinalizeBuildStatus:
         Deleting file "Debug\Bespalov_Maksim_CV_lab_01.unsuccessfulbuild".
         Touching "Debug\Bespalov_Maksim_CV_lab_01.lastbuildstate".
     1>Done Building Project "C:\Users\Максим\Desktop\ВМК\Bespalov_Maksim_CV_lab_01\Bespalov_Maksim_CV_lab_01\Bespalov_Maksim_CV_lab_01.vcxproj" (build target(s)).

Build succeeded.

Time Elapsed 00:00:01.11
