Build started 19.11.2015 21:48:42.
     1>Project "C:\Users\Максим\Desktop\ВМК\Bespalov_Maksim_CV_lab_00\Bespalov_Maksim_CV_lab_00\Bespalov_Maksim_CV_lab_00.vcxproj" on node 2 (build target(s)).
     1>InitializeBuildStatus:
         Creating "Debug\Bespalov_Maksim_CV_lab_00.unsuccessfulbuild" because "AlwaysCreate" was specified.
       ClCompile:
         All outputs are up-to-date.
         C:\Program Files (x86)\Microsoft Visual Studio 10.0\VC\bin\CL.exe /c /IC:\OpenCV\opencv\build\include /ZI /nologo /W3 /WX- /Od /Oy- /D WIN32 /D _DEBUG /D _CONSOLE /D _UNICODE /D UNICODE /Gm /EHsc /RTC1 /MTd /GS /fp:precise /Zc:wchar_t /Zc:forScope /Yu"StdAfx.h" /Fp"Debug\Bespalov_Maksim_CV_lab_00.pch" /Fo"Debug\\" /Fd"Debug\vc100.pdb" /Gd /TP /analyze- /errorReport:prompt Bespalov_Maksim_CV_lab_00.cpp
         Bespalov_Maksim_CV_lab_00.cpp
       ManifestResourceCompile:
         All outputs are up-to-date.
       Link:
         C:\Program Files (x86)\Microsoft Visual Studio 10.0\VC\bin\link.exe /ERRORREPORT:PROMPT /OUT:"C:\Users\Максим\Desktop\ВМК\Bespalov_Maksim_CV_lab_00\Debug\Bespalov_Maksim_CV_lab_00.exe" /INCREMENTAL /NOLOGO /LIBPATH:C:\OpenCV\opencv\build\x86\vc11\lib opencv_ts300.lib opencv_world300.lib kernel32.lib user32.lib gdi32.lib winspool.lib comdlg32.lib advapi32.lib shell32.lib ole32.lib oleaut32.lib uuid.lib odbc32.lib odbccp32.lib /MANIFEST /ManifestFile:"Debug\Bespalov_Maksim_CV_lab_00.exe.intermediate.manifest" /MANIFESTUAC:"level='asInvoker' uiAccess='false'" /DEBUG /PDB:"C:\Users\Максим\Desktop\ВМК\Bespalov_Maksim_CV_lab_00\Debug\Bespalov_Maksim_CV_lab_00.pdb" /SUBSYSTEM:CONSOLE /TLBID:1 /DYNAMICBASE /NXCOMPAT /IMPLIB:"C:\Users\Максим\Desktop\ВМК\Bespalov_Maksim_CV_lab_00\Debug\Bespalov_Maksim_CV_lab_00.lib" /MACHINE:X86 Debug\Bespalov_Maksim_CV_lab_00.exe.embed.manifest.res
         Debug\Bespalov_Maksim_CV_lab_00.obj
         Debug\stdafx.obj
       Manifest:
         C:\Program Files (x86)\Microsoft SDKs\Windows\v7.0A\bin\mt.exe /nologo /verbose /out:"Debug\Bespalov_Maksim_CV_lab_00.exe.embed.manifest" /manifest Debug\Bespalov_Maksim_CV_lab_00.exe.intermediate.manifest
         All outputs are up-to-date.
       LinkEmbedManifest:
         All outputs are up-to-date.
         Bespalov_Maksim_CV_lab_00.vcxproj -> C:\Users\Максим\Desktop\ВМК\Bespalov_Maksim_CV_lab_00\Debug\Bespalov_Maksim_CV_lab_00.exe
       FinalizeBuildStatus:
         Deleting file "Debug\Bespalov_Maksim_CV_lab_00.unsuccessfulbuild".
         Touching "Debug\Bespalov_Maksim_CV_lab_00.lastbuildstate".
     1>Done Building Project "C:\Users\Максим\Desktop\ВМК\Bespalov_Maksim_CV_lab_00\Bespalov_Maksim_CV_lab_00\Bespalov_Maksim_CV_lab_00.vcxproj" (build target(s)).

Build succeeded.

Time Elapsed 00:00:02.22
